2015-02-17 15:14:54,613 - Log4JLogChute initialized using file 'velocity.log'
2015-02-17 15:14:54,613 - Initializing Velocity, Calling init()...
2015-02-17 15:14:54,614 - Starting Apache Velocity v1.7 (compiled: 2010-11-19 12:14:37)
2015-02-17 15:14:54,614 - Default Properties File: org\apache\velocity\runtime\defaults\velocity.properties
2015-02-17 15:14:54,614 - Trying to use logger class org.apache.velocity.runtime.log.AvalonLogChute
2015-02-17 15:14:54,614 - Target log system for org.apache.velocity.runtime.log.AvalonLogChute is not available (java.lang.NoClassDefFoundError: org/apache/log/format/Formatter).  Falling back to next log system...
2015-02-17 15:14:54,614 - Trying to use logger class org.apache.velocity.runtime.log.Log4JLogChute
2015-02-17 15:14:54,614 - Using logger class org.apache.velocity.runtime.log.Log4JLogChute
2015-02-17 15:14:54,619 - ResourceLoader instantiated: org.apache.velocity.runtime.resource.loader.FileResourceLoader
2015-02-17 15:14:54,623 - Do unicode file recognition:  false
2015-02-17 15:14:54,624 - FileResourceLoader : adding path 'template'
2015-02-17 15:14:54,636 - ResourceCache: initialized (class org.apache.velocity.runtime.resource.ResourceCacheImpl) with class java.util.Collections$SynchronizedMap cache map.
2015-02-17 15:14:54,637 - Loaded System Directive: org.apache.velocity.runtime.directive.Stop
2015-02-17 15:14:54,638 - Loaded System Directive: org.apache.velocity.runtime.directive.Define
2015-02-17 15:14:54,639 - Loaded System Directive: org.apache.velocity.runtime.directive.Break
2015-02-17 15:14:54,640 - Loaded System Directive: org.apache.velocity.runtime.directive.Evaluate
2015-02-17 15:14:54,641 - Loaded System Directive: org.apache.velocity.runtime.directive.Literal
2015-02-17 15:14:54,642 - Loaded System Directive: org.apache.velocity.runtime.directive.Macro
2015-02-17 15:14:54,644 - Loaded System Directive: org.apache.velocity.runtime.directive.Parse
2015-02-17 15:14:54,646 - Loaded System Directive: org.apache.velocity.runtime.directive.Include
2015-02-17 15:14:54,647 - Loaded System Directive: org.apache.velocity.runtime.directive.Foreach
2015-02-17 15:14:54,692 - Created '20' parsers.
2015-02-17 15:14:54,701 - Velocimacro : "velocimacro.library" is not set.  Trying default library: VM_global_library.vm
2015-02-17 15:14:54,701 - Velocimacro : Default library not found.
2015-02-17 15:14:54,701 - Velocimacro : allowInline = true : VMs can be defined inline in templates
2015-02-17 15:14:54,701 - Velocimacro : allowInlineToOverride = false : VMs defined inline may NOT replace previous VM definitions
2015-02-17 15:14:54,701 - Velocimacro : allowInlineLocal = false : VMs defined inline will be global in scope if allowed.
2015-02-17 15:14:54,701 - Velocimacro : autoload off : VM system will not automatically reload global library macros
2015-02-17 15:14:54,713 - ResourceManager : found DaoTemplate.tpl with loader org.apache.velocity.runtime.resource.loader.FileResourceLoader
2015-02-17 15:14:54,787 - ResourceManager : found ControllerTemplate.tpl with loader org.apache.velocity.runtime.resource.loader.FileResourceLoader
2015-02-17 15:14:54,789 - Null reference [template 'ControllerTemplate.tpl', line 37, column 4] : $Id cannot be resolved.
2015-02-17 15:14:54,794 - ResourceManager : found ServiceTemplate.tpl with loader org.apache.velocity.runtime.resource.loader.FileResourceLoader
2015-02-17 15:14:54,795 - Null reference [template 'ServiceTemplate.tpl', line 29, column 4] : $Id cannot be resolved.
2015-02-17 15:14:54,892 - ResourceManager : found form.tpl with loader org.apache.velocity.runtime.resource.loader.FileResourceLoader
2015-02-17 15:14:54,893 - Null reference [template 'form.tpl', line 44, column 94] : ${ctx} cannot be resolved.
2015-02-17 15:14:54,894 - Null reference [template 'form.tpl', line 44, column 116] : ${action} cannot be resolved.
2015-02-17 15:14:54,914 - ResourceManager : found view.tpl with loader org.apache.velocity.runtime.resource.loader.FileResourceLoader
2015-02-17 15:14:54,931 - ResourceManager : found list.tpl with loader org.apache.velocity.runtime.resource.loader.FileResourceLoader
2015-02-17 15:14:54,935 - Null reference [template 'list.tpl', line 44, column 50] : ${ctx} cannot be resolved.
2015-02-17 15:14:54,935 - Null reference [template 'list.tpl', line 45, column 50] : ${ctx} cannot be resolved.
2015-02-17 15:14:54,935 - Null reference [template 'list.tpl', line 46, column 50] : ${ctx} cannot be resolved.
2015-02-17 15:14:54,935 - Null reference [template 'list.tpl', line 47, column 48] : ${ctx} cannot be resolved.
2015-02-17 15:14:54,935 - Null reference [template 'list.tpl', line 48, column 56] : ${ctx} cannot be resolved.
2015-02-17 15:14:54,935 - Null reference [template 'list.tpl', line 56, column 34] : ${ctx} cannot be resolved.
2015-02-17 15:14:54,936 - Null reference [template 'list.tpl', line 59, column 78] : ${ctx} cannot be resolved.
2015-02-17 15:14:54,936 - Null reference [template 'list.tpl', line 62, column 77] : ${ctx} cannot be resolved.
2015-02-17 15:14:54,938 - ResourceManager : found properties_en.tpl with loader org.apache.velocity.runtime.resource.loader.FileResourceLoader
2015-02-17 15:14:54,940 - ResourceManager : found properties_zh.tpl with loader org.apache.velocity.runtime.resource.loader.FileResourceLoader
2015-02-21 14:16:45,805 - Log4JLogChute initialized using file 'velocity.log'
2015-02-21 14:16:45,806 - Initializing Velocity, Calling init()...
2015-02-21 14:16:45,806 - Starting Apache Velocity v1.7 (compiled: 2010-11-19 12:14:37)
2015-02-21 14:16:45,806 - Default Properties File: org\apache\velocity\runtime\defaults\velocity.properties
2015-02-21 14:16:45,806 - Trying to use logger class org.apache.velocity.runtime.log.AvalonLogChute
2015-02-21 14:16:45,806 - Target log system for org.apache.velocity.runtime.log.AvalonLogChute is not available (java.lang.NoClassDefFoundError: org/apache/log/format/Formatter).  Falling back to next log system...
2015-02-21 14:16:45,806 - Trying to use logger class org.apache.velocity.runtime.log.Log4JLogChute
2015-02-21 14:16:45,806 - Using logger class org.apache.velocity.runtime.log.Log4JLogChute
2015-02-21 14:16:45,811 - ResourceLoader instantiated: org.apache.velocity.runtime.resource.loader.FileResourceLoader
2015-02-21 14:16:45,815 - Do unicode file recognition:  false
2015-02-21 14:16:45,816 - FileResourceLoader : adding path 'template'
2015-02-21 14:16:45,827 - ResourceCache: initialized (class org.apache.velocity.runtime.resource.ResourceCacheImpl) with class java.util.Collections$SynchronizedMap cache map.
2015-02-21 14:16:45,829 - Loaded System Directive: org.apache.velocity.runtime.directive.Stop
2015-02-21 14:16:45,830 - Loaded System Directive: org.apache.velocity.runtime.directive.Define
2015-02-21 14:16:45,831 - Loaded System Directive: org.apache.velocity.runtime.directive.Break
2015-02-21 14:16:45,832 - Loaded System Directive: org.apache.velocity.runtime.directive.Evaluate
2015-02-21 14:16:45,833 - Loaded System Directive: org.apache.velocity.runtime.directive.Literal
2015-02-21 14:16:45,834 - Loaded System Directive: org.apache.velocity.runtime.directive.Macro
2015-02-21 14:16:45,835 - Loaded System Directive: org.apache.velocity.runtime.directive.Parse
2015-02-21 14:16:45,837 - Loaded System Directive: org.apache.velocity.runtime.directive.Include
2015-02-21 14:16:45,838 - Loaded System Directive: org.apache.velocity.runtime.directive.Foreach
2015-02-21 14:16:45,876 - Created '20' parsers.
2015-02-21 14:16:45,884 - Velocimacro : "velocimacro.library" is not set.  Trying default library: VM_global_library.vm
2015-02-21 14:16:45,885 - Velocimacro : Default library not found.
2015-02-21 14:16:45,885 - Velocimacro : allowInline = true : VMs can be defined inline in templates
2015-02-21 14:16:45,885 - Velocimacro : allowInlineToOverride = false : VMs defined inline may NOT replace previous VM definitions
2015-02-21 14:16:45,885 - Velocimacro : allowInlineLocal = false : VMs defined inline will be global in scope if allowed.
2015-02-21 14:16:45,885 - Velocimacro : autoload off : VM system will not automatically reload global library macros
2015-02-21 14:16:45,905 - ResourceManager : found DaoTemplate.tpl with loader org.apache.velocity.runtime.resource.loader.FileResourceLoader
2015-02-21 14:16:45,987 - ResourceManager : found ControllerTemplate.tpl with loader org.apache.velocity.runtime.resource.loader.FileResourceLoader
2015-02-21 14:16:45,990 - Null reference [template 'ControllerTemplate.tpl', line 37, column 4] : $Id cannot be resolved.
2015-02-21 14:16:45,994 - ResourceManager : found ServiceTemplate.tpl with loader org.apache.velocity.runtime.resource.loader.FileResourceLoader
2015-02-21 14:16:45,995 - Null reference [template 'ServiceTemplate.tpl', line 29, column 4] : $Id cannot be resolved.
2015-02-21 14:16:46,005 - ResourceManager : found form.tpl with loader org.apache.velocity.runtime.resource.loader.FileResourceLoader
2015-02-21 14:16:46,006 - Null reference [template 'form.tpl', line 44, column 94] : ${ctx} cannot be resolved.
2015-02-21 14:16:46,006 - Null reference [template 'form.tpl', line 44, column 116] : ${action} cannot be resolved.
2015-02-21 14:16:46,019 - ResourceManager : found view.tpl with loader org.apache.velocity.runtime.resource.loader.FileResourceLoader
2015-02-21 14:16:46,031 - ResourceManager : found list.tpl with loader org.apache.velocity.runtime.resource.loader.FileResourceLoader
2015-02-21 14:16:46,036 - Null reference [template 'list.tpl', line 44, column 50] : ${ctx} cannot be resolved.
2015-02-21 14:16:46,036 - Null reference [template 'list.tpl', line 45, column 50] : ${ctx} cannot be resolved.
2015-02-21 14:16:46,037 - Null reference [template 'list.tpl', line 46, column 50] : ${ctx} cannot be resolved.
2015-02-21 14:16:46,037 - Null reference [template 'list.tpl', line 47, column 48] : ${ctx} cannot be resolved.
2015-02-21 14:16:46,037 - Null reference [template 'list.tpl', line 48, column 56] : ${ctx} cannot be resolved.
2015-02-21 14:16:46,037 - Null reference [template 'list.tpl', line 56, column 34] : ${ctx} cannot be resolved.
2015-02-21 14:16:46,037 - Null reference [template 'list.tpl', line 59, column 78] : ${ctx} cannot be resolved.
2015-02-21 14:16:46,037 - Null reference [template 'list.tpl', line 62, column 77] : ${ctx} cannot be resolved.
2015-02-21 14:16:46,039 - ResourceManager : found properties_en.tpl with loader org.apache.velocity.runtime.resource.loader.FileResourceLoader
2015-02-21 14:16:46,052 - ResourceManager : found properties_zh.tpl with loader org.apache.velocity.runtime.resource.loader.FileResourceLoader
2015-02-24 10:06:17,942 - Log4JLogChute initialized using file 'velocity.log'
2015-02-24 10:06:17,975 - Initializing Velocity, Calling init()...
2015-02-24 10:06:17,975 - Starting Apache Velocity v1.7 (compiled: 2010-11-19 12:14:37)
2015-02-24 10:06:17,975 - Default Properties File: org\apache\velocity\runtime\defaults\velocity.properties
2015-02-24 10:06:17,975 - Trying to use logger class org.apache.velocity.runtime.log.AvalonLogChute
2015-02-24 10:06:17,975 - Target log system for org.apache.velocity.runtime.log.AvalonLogChute is not available (java.lang.NoClassDefFoundError: org/apache/log/format/Formatter).  Falling back to next log system...
2015-02-24 10:06:17,975 - Trying to use logger class org.apache.velocity.runtime.log.Log4JLogChute
2015-02-24 10:06:17,975 - Using logger class org.apache.velocity.runtime.log.Log4JLogChute
2015-02-24 10:06:17,981 - ResourceLoader instantiated: org.apache.velocity.runtime.resource.loader.FileResourceLoader
2015-02-24 10:06:17,986 - Do unicode file recognition:  false
2015-02-24 10:06:17,986 - FileResourceLoader : adding path 'template'
2015-02-24 10:06:17,998 - ResourceCache: initialized (class org.apache.velocity.runtime.resource.ResourceCacheImpl) with class java.util.Collections$SynchronizedMap cache map.
2015-02-24 10:06:17,999 - Loaded System Directive: org.apache.velocity.runtime.directive.Stop
2015-02-24 10:06:18,001 - Loaded System Directive: org.apache.velocity.runtime.directive.Define
2015-02-24 10:06:18,001 - Loaded System Directive: org.apache.velocity.runtime.directive.Break
2015-02-24 10:06:18,002 - Loaded System Directive: org.apache.velocity.runtime.directive.Evaluate
2015-02-24 10:06:18,004 - Loaded System Directive: org.apache.velocity.runtime.directive.Literal
2015-02-24 10:06:18,006 - Loaded System Directive: org.apache.velocity.runtime.directive.Macro
2015-02-24 10:06:18,007 - Loaded System Directive: org.apache.velocity.runtime.directive.Parse
2015-02-24 10:06:18,016 - Loaded System Directive: org.apache.velocity.runtime.directive.Include
2015-02-24 10:06:18,018 - Loaded System Directive: org.apache.velocity.runtime.directive.Foreach
2015-02-24 10:06:18,057 - Created '20' parsers.
2015-02-24 10:06:18,065 - Velocimacro : "velocimacro.library" is not set.  Trying default library: VM_global_library.vm
2015-02-24 10:06:18,065 - Velocimacro : Default library not found.
2015-02-24 10:06:18,065 - Velocimacro : allowInline = true : VMs can be defined inline in templates
2015-02-24 10:06:18,065 - Velocimacro : allowInlineToOverride = false : VMs defined inline may NOT replace previous VM definitions
2015-02-24 10:06:18,066 - Velocimacro : allowInlineLocal = false : VMs defined inline will be global in scope if allowed.
2015-02-24 10:06:18,066 - Velocimacro : autoload off : VM system will not automatically reload global library macros
2015-02-24 10:06:18,075 - ResourceManager : found DaoTemplate.tpl with loader org.apache.velocity.runtime.resource.loader.FileResourceLoader
2015-02-24 10:06:18,184 - ResourceManager : found ControllerTemplate.tpl with loader org.apache.velocity.runtime.resource.loader.FileResourceLoader
2015-02-24 10:06:18,187 - Null reference [template 'ControllerTemplate.tpl', line 37, column 4] : $Id cannot be resolved.
2015-02-24 10:06:18,195 - ResourceManager : found ServiceTemplate.tpl with loader org.apache.velocity.runtime.resource.loader.FileResourceLoader
2015-02-24 10:06:18,197 - Null reference [template 'ServiceTemplate.tpl', line 29, column 4] : $Id cannot be resolved.
2015-02-24 10:06:18,209 - ResourceManager : found form.tpl with loader org.apache.velocity.runtime.resource.loader.FileResourceLoader
2015-02-24 10:06:18,210 - Null reference [template 'form.tpl', line 44, column 94] : ${ctx} cannot be resolved.
2015-02-24 10:06:18,211 - Null reference [template 'form.tpl', line 44, column 116] : ${action} cannot be resolved.
2015-02-24 10:06:18,224 - ResourceManager : found view.tpl with loader org.apache.velocity.runtime.resource.loader.FileResourceLoader
2015-02-24 10:06:18,237 - ResourceManager : found list.tpl with loader org.apache.velocity.runtime.resource.loader.FileResourceLoader
2015-02-24 10:06:18,241 - Null reference [template 'list.tpl', line 44, column 50] : ${ctx} cannot be resolved.
2015-02-24 10:06:18,241 - Null reference [template 'list.tpl', line 45, column 50] : ${ctx} cannot be resolved.
2015-02-24 10:06:18,241 - Null reference [template 'list.tpl', line 46, column 50] : ${ctx} cannot be resolved.
2015-02-24 10:06:18,241 - Null reference [template 'list.tpl', line 47, column 48] : ${ctx} cannot be resolved.
2015-02-24 10:06:18,241 - Null reference [template 'list.tpl', line 48, column 56] : ${ctx} cannot be resolved.
2015-02-24 10:06:18,241 - Null reference [template 'list.tpl', line 56, column 34] : ${ctx} cannot be resolved.
2015-02-24 10:06:18,242 - Null reference [template 'list.tpl', line 59, column 78] : ${ctx} cannot be resolved.
2015-02-24 10:06:18,242 - Null reference [template 'list.tpl', line 62, column 77] : ${ctx} cannot be resolved.
2015-02-24 10:06:18,244 - ResourceManager : found properties_en.tpl with loader org.apache.velocity.runtime.resource.loader.FileResourceLoader
2015-02-24 10:06:18,271 - ResourceManager : found properties_zh.tpl with loader org.apache.velocity.runtime.resource.loader.FileResourceLoader
2015-02-24 11:45:38,733 - Log4JLogChute initialized using file 'velocity.log'
2015-02-24 11:45:38,733 - Initializing Velocity, Calling init()...
2015-02-24 11:45:38,733 - Starting Apache Velocity v1.7 (compiled: 2010-11-19 12:14:37)
2015-02-24 11:45:38,733 - Default Properties File: org\apache\velocity\runtime\defaults\velocity.properties
2015-02-24 11:45:38,734 - Trying to use logger class org.apache.velocity.runtime.log.AvalonLogChute
2015-02-24 11:45:38,734 - Target log system for org.apache.velocity.runtime.log.AvalonLogChute is not available (java.lang.NoClassDefFoundError: org/apache/log/format/Formatter).  Falling back to next log system...
2015-02-24 11:45:38,734 - Trying to use logger class org.apache.velocity.runtime.log.Log4JLogChute
2015-02-24 11:45:38,734 - Using logger class org.apache.velocity.runtime.log.Log4JLogChute
2015-02-24 11:45:38,740 - ResourceLoader instantiated: org.apache.velocity.runtime.resource.loader.FileResourceLoader
2015-02-24 11:45:38,745 - Do unicode file recognition:  false
2015-02-24 11:45:38,745 - FileResourceLoader : adding path 'template'
2015-02-24 11:45:38,769 - ResourceCache: initialized (class org.apache.velocity.runtime.resource.ResourceCacheImpl) with class java.util.Collections$SynchronizedMap cache map.
2015-02-24 11:45:38,770 - Loaded System Directive: org.apache.velocity.runtime.directive.Stop
2015-02-24 11:45:38,772 - Loaded System Directive: org.apache.velocity.runtime.directive.Define
2015-02-24 11:45:38,775 - Loaded System Directive: org.apache.velocity.runtime.directive.Break
2015-02-24 11:45:38,779 - Loaded System Directive: org.apache.velocity.runtime.directive.Evaluate
2015-02-24 11:45:38,780 - Loaded System Directive: org.apache.velocity.runtime.directive.Literal
2015-02-24 11:45:38,782 - Loaded System Directive: org.apache.velocity.runtime.directive.Macro
2015-02-24 11:45:38,784 - Loaded System Directive: org.apache.velocity.runtime.directive.Parse
2015-02-24 11:45:38,786 - Loaded System Directive: org.apache.velocity.runtime.directive.Include
2015-02-24 11:45:38,787 - Loaded System Directive: org.apache.velocity.runtime.directive.Foreach
2015-02-24 11:45:38,845 - Created '20' parsers.
2015-02-24 11:45:38,860 - Velocimacro : "velocimacro.library" is not set.  Trying default library: VM_global_library.vm
2015-02-24 11:45:38,860 - Velocimacro : Default library not found.
2015-02-24 11:45:38,860 - Velocimacro : allowInline = true : VMs can be defined inline in templates
2015-02-24 11:45:38,860 - Velocimacro : allowInlineToOverride = false : VMs defined inline may NOT replace previous VM definitions
2015-02-24 11:45:38,860 - Velocimacro : allowInlineLocal = false : VMs defined inline will be global in scope if allowed.
2015-02-24 11:45:38,860 - Velocimacro : autoload off : VM system will not automatically reload global library macros
2015-02-24 11:45:38,876 - ResourceManager : found DaoTemplate.tpl with loader org.apache.velocity.runtime.resource.loader.FileResourceLoader
2015-02-24 11:45:38,928 - ResourceManager : found ControllerTemplate.tpl with loader org.apache.velocity.runtime.resource.loader.FileResourceLoader
2015-02-24 11:45:38,958 - Null reference [template 'ControllerTemplate.tpl', line 37, column 4] : $Id cannot be resolved.
2015-02-24 11:45:38,963 - ResourceManager : found ServiceTemplate.tpl with loader org.apache.velocity.runtime.resource.loader.FileResourceLoader
2015-02-24 11:45:38,968 - Null reference [template 'ServiceTemplate.tpl', line 29, column 4] : $Id cannot be resolved.
2015-02-24 11:45:38,981 - ResourceManager : found form.tpl with loader org.apache.velocity.runtime.resource.loader.FileResourceLoader
2015-02-24 11:45:38,983 - Null reference [template 'form.tpl', line 44, column 94] : ${ctx} cannot be resolved.
2015-02-24 11:45:38,983 - Null reference [template 'form.tpl', line 44, column 116] : ${action} cannot be resolved.
2015-02-24 11:45:39,006 - ResourceManager : found view.tpl with loader org.apache.velocity.runtime.resource.loader.FileResourceLoader
2015-02-24 11:45:39,026 - ResourceManager : found list.tpl with loader org.apache.velocity.runtime.resource.loader.FileResourceLoader
2015-02-24 11:45:39,034 - Null reference [template 'list.tpl', line 44, column 50] : ${ctx} cannot be resolved.
2015-02-24 11:45:39,034 - Null reference [template 'list.tpl', line 45, column 50] : ${ctx} cannot be resolved.
2015-02-24 11:45:39,034 - Null reference [template 'list.tpl', line 46, column 50] : ${ctx} cannot be resolved.
2015-02-24 11:45:39,034 - Null reference [template 'list.tpl', line 47, column 48] : ${ctx} cannot be resolved.
2015-02-24 11:45:39,034 - Null reference [template 'list.tpl', line 48, column 56] : ${ctx} cannot be resolved.
2015-02-24 11:45:39,034 - Null reference [template 'list.tpl', line 56, column 34] : ${ctx} cannot be resolved.
2015-02-24 11:45:39,034 - Null reference [template 'list.tpl', line 59, column 78] : ${ctx} cannot be resolved.
2015-02-24 11:45:39,034 - Null reference [template 'list.tpl', line 62, column 77] : ${ctx} cannot be resolved.
2015-02-24 11:45:39,037 - ResourceManager : found properties_en.tpl with loader org.apache.velocity.runtime.resource.loader.FileResourceLoader
2015-02-24 11:45:39,040 - ResourceManager : found properties_zh.tpl with loader org.apache.velocity.runtime.resource.loader.FileResourceLoader
2015-02-25 14:03:44,408 - Log4JLogChute initialized using file 'velocity.log'
2015-02-25 14:03:44,431 - Initializing Velocity, Calling init()...
2015-02-25 14:03:44,431 - Starting Apache Velocity v1.7 (compiled: 2010-11-19 12:14:37)
2015-02-25 14:03:44,432 - Default Properties File: org\apache\velocity\runtime\defaults\velocity.properties
2015-02-25 14:03:44,432 - Trying to use logger class org.apache.velocity.runtime.log.AvalonLogChute
2015-02-25 14:03:44,432 - Target log system for org.apache.velocity.runtime.log.AvalonLogChute is not available (java.lang.NoClassDefFoundError: org/apache/log/format/Formatter).  Falling back to next log system...
2015-02-25 14:03:44,432 - Trying to use logger class org.apache.velocity.runtime.log.Log4JLogChute
2015-02-25 14:03:44,432 - Using logger class org.apache.velocity.runtime.log.Log4JLogChute
2015-02-25 14:03:44,437 - ResourceLoader instantiated: org.apache.velocity.runtime.resource.loader.FileResourceLoader
2015-02-25 14:03:44,441 - Do unicode file recognition:  false
2015-02-25 14:03:44,442 - FileResourceLoader : adding path 'template'
2015-02-25 14:03:44,454 - ResourceCache: initialized (class org.apache.velocity.runtime.resource.ResourceCacheImpl) with class java.util.Collections$SynchronizedMap cache map.
2015-02-25 14:03:44,456 - Loaded System Directive: org.apache.velocity.runtime.directive.Stop
2015-02-25 14:03:44,457 - Loaded System Directive: org.apache.velocity.runtime.directive.Define
2015-02-25 14:03:44,458 - Loaded System Directive: org.apache.velocity.runtime.directive.Break
2015-02-25 14:03:44,459 - Loaded System Directive: org.apache.velocity.runtime.directive.Evaluate
2015-02-25 14:03:44,459 - Loaded System Directive: org.apache.velocity.runtime.directive.Literal
2015-02-25 14:03:44,461 - Loaded System Directive: org.apache.velocity.runtime.directive.Macro
2015-02-25 14:03:44,462 - Loaded System Directive: org.apache.velocity.runtime.directive.Parse
2015-02-25 14:03:44,464 - Loaded System Directive: org.apache.velocity.runtime.directive.Include
2015-02-25 14:03:44,465 - Loaded System Directive: org.apache.velocity.runtime.directive.Foreach
2015-02-25 14:03:44,506 - Created '20' parsers.
2015-02-25 14:03:44,515 - Velocimacro : "velocimacro.library" is not set.  Trying default library: VM_global_library.vm
2015-02-25 14:03:44,515 - Velocimacro : Default library not found.
2015-02-25 14:03:44,516 - Velocimacro : allowInline = true : VMs can be defined inline in templates
2015-02-25 14:03:44,516 - Velocimacro : allowInlineToOverride = false : VMs defined inline may NOT replace previous VM definitions
2015-02-25 14:03:44,516 - Velocimacro : allowInlineLocal = false : VMs defined inline will be global in scope if allowed.
2015-02-25 14:03:44,516 - Velocimacro : autoload off : VM system will not automatically reload global library macros
2015-02-25 14:03:44,527 - ResourceManager : found DaoTemplate.tpl with loader org.apache.velocity.runtime.resource.loader.FileResourceLoader
2015-02-25 14:03:44,588 - ResourceManager : found ControllerTemplate.tpl with loader org.apache.velocity.runtime.resource.loader.FileResourceLoader
2015-02-25 14:03:44,591 - Null reference [template 'ControllerTemplate.tpl', line 37, column 4] : $Id cannot be resolved.
2015-02-25 14:03:44,603 - ResourceManager : found ServiceTemplate.tpl with loader org.apache.velocity.runtime.resource.loader.FileResourceLoader
2015-02-25 14:03:44,604 - Null reference [template 'ServiceTemplate.tpl', line 29, column 4] : $Id cannot be resolved.
2015-02-25 14:03:44,616 - ResourceManager : found form.tpl with loader org.apache.velocity.runtime.resource.loader.FileResourceLoader
2015-02-25 14:03:44,618 - Null reference [template 'form.tpl', line 44, column 94] : ${ctx} cannot be resolved.
2015-02-25 14:03:44,618 - Null reference [template 'form.tpl', line 44, column 116] : ${action} cannot be resolved.
2015-02-25 14:03:44,630 - ResourceManager : found view.tpl with loader org.apache.velocity.runtime.resource.loader.FileResourceLoader
2015-02-25 14:03:44,642 - ResourceManager : found list.tpl with loader org.apache.velocity.runtime.resource.loader.FileResourceLoader
2015-02-25 14:03:44,646 - Null reference [template 'list.tpl', line 44, column 50] : ${ctx} cannot be resolved.
2015-02-25 14:03:44,647 - Null reference [template 'list.tpl', line 45, column 50] : ${ctx} cannot be resolved.
2015-02-25 14:03:44,647 - Null reference [template 'list.tpl', line 46, column 50] : ${ctx} cannot be resolved.
2015-02-25 14:03:44,647 - Null reference [template 'list.tpl', line 47, column 48] : ${ctx} cannot be resolved.
2015-02-25 14:03:44,647 - Null reference [template 'list.tpl', line 48, column 56] : ${ctx} cannot be resolved.
2015-02-25 14:03:44,647 - Null reference [template 'list.tpl', line 56, column 34] : ${ctx} cannot be resolved.
2015-02-25 14:03:44,647 - Null reference [template 'list.tpl', line 59, column 78] : ${ctx} cannot be resolved.
2015-02-25 14:03:44,647 - Null reference [template 'list.tpl', line 62, column 77] : ${ctx} cannot be resolved.
2015-02-25 14:03:44,649 - ResourceManager : found properties_en.tpl with loader org.apache.velocity.runtime.resource.loader.FileResourceLoader
2015-02-25 14:03:44,651 - ResourceManager : found properties_zh.tpl with loader org.apache.velocity.runtime.resource.loader.FileResourceLoader
2015-02-25 15:33:29,891 - Log4JLogChute initialized using file 'velocity.log'
2015-02-25 15:33:29,892 - Initializing Velocity, Calling init()...
2015-02-25 15:33:29,892 - Starting Apache Velocity v1.7 (compiled: 2010-11-19 12:14:37)
2015-02-25 15:33:29,892 - Default Properties File: org\apache\velocity\runtime\defaults\velocity.properties
2015-02-25 15:33:29,892 - Trying to use logger class org.apache.velocity.runtime.log.AvalonLogChute
2015-02-25 15:33:29,892 - Target log system for org.apache.velocity.runtime.log.AvalonLogChute is not available (java.lang.NoClassDefFoundError: org/apache/log/format/Formatter).  Falling back to next log system...
2015-02-25 15:33:29,892 - Trying to use logger class org.apache.velocity.runtime.log.Log4JLogChute
2015-02-25 15:33:29,892 - Using logger class org.apache.velocity.runtime.log.Log4JLogChute
2015-02-25 15:33:29,897 - ResourceLoader instantiated: org.apache.velocity.runtime.resource.loader.FileResourceLoader
2015-02-25 15:33:29,902 - Do unicode file recognition:  false
2015-02-25 15:33:29,902 - FileResourceLoader : adding path 'template'
2015-02-25 15:33:29,914 - ResourceCache: initialized (class org.apache.velocity.runtime.resource.ResourceCacheImpl) with class java.util.Collections$SynchronizedMap cache map.
2015-02-25 15:33:29,915 - Loaded System Directive: org.apache.velocity.runtime.directive.Stop
2015-02-25 15:33:29,916 - Loaded System Directive: org.apache.velocity.runtime.directive.Define
2015-02-25 15:33:29,917 - Loaded System Directive: org.apache.velocity.runtime.directive.Break
2015-02-25 15:33:29,918 - Loaded System Directive: org.apache.velocity.runtime.directive.Evaluate
2015-02-25 15:33:29,919 - Loaded System Directive: org.apache.velocity.runtime.directive.Literal
2015-02-25 15:33:29,922 - Loaded System Directive: org.apache.velocity.runtime.directive.Macro
2015-02-25 15:33:29,924 - Loaded System Directive: org.apache.velocity.runtime.directive.Parse
2015-02-25 15:33:29,925 - Loaded System Directive: org.apache.velocity.runtime.directive.Include
2015-02-25 15:33:29,926 - Loaded System Directive: org.apache.velocity.runtime.directive.Foreach
2015-02-25 15:33:29,964 - Created '20' parsers.
2015-02-25 15:33:29,972 - Velocimacro : "velocimacro.library" is not set.  Trying default library: VM_global_library.vm
2015-02-25 15:33:29,972 - Velocimacro : Default library not found.
2015-02-25 15:33:29,972 - Velocimacro : allowInline = true : VMs can be defined inline in templates
2015-02-25 15:33:29,972 - Velocimacro : allowInlineToOverride = false : VMs defined inline may NOT replace previous VM definitions
2015-02-25 15:33:29,972 - Velocimacro : allowInlineLocal = false : VMs defined inline will be global in scope if allowed.
2015-02-25 15:33:29,972 - Velocimacro : autoload off : VM system will not automatically reload global library macros
2015-02-25 15:33:29,981 - ResourceManager : found DaoTemplate.tpl with loader org.apache.velocity.runtime.resource.loader.FileResourceLoader
2015-02-25 15:33:30,019 - ResourceManager : found ControllerTemplate.tpl with loader org.apache.velocity.runtime.resource.loader.FileResourceLoader
2015-02-25 15:33:30,021 - Null reference [template 'ControllerTemplate.tpl', line 37, column 4] : $Id cannot be resolved.
2015-02-25 15:33:30,026 - ResourceManager : found ServiceTemplate.tpl with loader org.apache.velocity.runtime.resource.loader.FileResourceLoader
2015-02-25 15:33:30,027 - Null reference [template 'ServiceTemplate.tpl', line 29, column 4] : $Id cannot be resolved.
2015-02-25 15:33:30,038 - ResourceManager : found form.tpl with loader org.apache.velocity.runtime.resource.loader.FileResourceLoader
2015-02-25 15:33:30,039 - Null reference [template 'form.tpl', line 44, column 94] : ${ctx} cannot be resolved.
2015-02-25 15:33:30,039 - Null reference [template 'form.tpl', line 44, column 116] : ${action} cannot be resolved.
2015-02-25 15:33:30,052 - ResourceManager : found view.tpl with loader org.apache.velocity.runtime.resource.loader.FileResourceLoader
2015-02-25 15:33:30,065 - ResourceManager : found list.tpl with loader org.apache.velocity.runtime.resource.loader.FileResourceLoader
2015-02-25 15:33:30,069 - Null reference [template 'list.tpl', line 44, column 50] : ${ctx} cannot be resolved.
2015-02-25 15:33:30,069 - Null reference [template 'list.tpl', line 45, column 50] : ${ctx} cannot be resolved.
2015-02-25 15:33:30,069 - Null reference [template 'list.tpl', line 46, column 50] : ${ctx} cannot be resolved.
2015-02-25 15:33:30,069 - Null reference [template 'list.tpl', line 47, column 48] : ${ctx} cannot be resolved.
2015-02-25 15:33:30,069 - Null reference [template 'list.tpl', line 48, column 56] : ${ctx} cannot be resolved.
2015-02-25 15:33:30,070 - Null reference [template 'list.tpl', line 56, column 34] : ${ctx} cannot be resolved.
2015-02-25 15:33:30,070 - Null reference [template 'list.tpl', line 59, column 78] : ${ctx} cannot be resolved.
2015-02-25 15:33:30,070 - Null reference [template 'list.tpl', line 62, column 77] : ${ctx} cannot be resolved.
2015-02-25 15:33:30,072 - ResourceManager : found properties_en.tpl with loader org.apache.velocity.runtime.resource.loader.FileResourceLoader
2015-02-25 15:33:30,074 - ResourceManager : found properties_zh.tpl with loader org.apache.velocity.runtime.resource.loader.FileResourceLoader
2015-02-25 16:20:26,346 - Log4JLogChute initialized using file 'velocity.log'
2015-02-25 16:20:26,346 - Initializing Velocity, Calling init()...
2015-02-25 16:20:26,346 - Starting Apache Velocity v1.7 (compiled: 2010-11-19 12:14:37)
2015-02-25 16:20:26,346 - Default Properties File: org\apache\velocity\runtime\defaults\velocity.properties
2015-02-25 16:20:26,346 - Trying to use logger class org.apache.velocity.runtime.log.AvalonLogChute
2015-02-25 16:20:26,346 - Target log system for org.apache.velocity.runtime.log.AvalonLogChute is not available (java.lang.NoClassDefFoundError: org/apache/log/format/Formatter).  Falling back to next log system...
2015-02-25 16:20:26,346 - Trying to use logger class org.apache.velocity.runtime.log.Log4JLogChute
2015-02-25 16:20:26,346 - Using logger class org.apache.velocity.runtime.log.Log4JLogChute
2015-02-25 16:20:26,352 - ResourceLoader instantiated: org.apache.velocity.runtime.resource.loader.FileResourceLoader
2015-02-25 16:20:26,356 - Do unicode file recognition:  false
2015-02-25 16:20:26,356 - FileResourceLoader : adding path 'template'
2015-02-25 16:20:26,368 - ResourceCache: initialized (class org.apache.velocity.runtime.resource.ResourceCacheImpl) with class java.util.Collections$SynchronizedMap cache map.
2015-02-25 16:20:26,370 - Loaded System Directive: org.apache.velocity.runtime.directive.Stop
2015-02-25 16:20:26,372 - Loaded System Directive: org.apache.velocity.runtime.directive.Define
2015-02-25 16:20:26,372 - Loaded System Directive: org.apache.velocity.runtime.directive.Break
2015-02-25 16:20:26,373 - Loaded System Directive: org.apache.velocity.runtime.directive.Evaluate
2015-02-25 16:20:26,374 - Loaded System Directive: org.apache.velocity.runtime.directive.Literal
2015-02-25 16:20:26,375 - Loaded System Directive: org.apache.velocity.runtime.directive.Macro
2015-02-25 16:20:26,377 - Loaded System Directive: org.apache.velocity.runtime.directive.Parse
2015-02-25 16:20:26,378 - Loaded System Directive: org.apache.velocity.runtime.directive.Include
2015-02-25 16:20:26,379 - Loaded System Directive: org.apache.velocity.runtime.directive.Foreach
2015-02-25 16:20:26,421 - Created '20' parsers.
2015-02-25 16:20:26,429 - Velocimacro : "velocimacro.library" is not set.  Trying default library: VM_global_library.vm
2015-02-25 16:20:26,430 - Velocimacro : Default library not found.
2015-02-25 16:20:26,430 - Velocimacro : allowInline = true : VMs can be defined inline in templates
2015-02-25 16:20:26,430 - Velocimacro : allowInlineToOverride = false : VMs defined inline may NOT replace previous VM definitions
2015-02-25 16:20:26,430 - Velocimacro : allowInlineLocal = false : VMs defined inline will be global in scope if allowed.
2015-02-25 16:20:26,430 - Velocimacro : autoload off : VM system will not automatically reload global library macros
2015-02-25 16:20:26,441 - ResourceManager : found DaoTemplate.tpl with loader org.apache.velocity.runtime.resource.loader.FileResourceLoader
2015-02-25 16:20:26,482 - ResourceManager : found ControllerTemplate.tpl with loader org.apache.velocity.runtime.resource.loader.FileResourceLoader
2015-02-25 16:20:26,484 - Null reference [template 'ControllerTemplate.tpl', line 37, column 4] : $Id cannot be resolved.
2015-02-25 16:20:26,489 - ResourceManager : found ServiceTemplate.tpl with loader org.apache.velocity.runtime.resource.loader.FileResourceLoader
2015-02-25 16:20:26,491 - Null reference [template 'ServiceTemplate.tpl', line 29, column 4] : $Id cannot be resolved.
2015-02-25 16:20:26,502 - ResourceManager : found form.tpl with loader org.apache.velocity.runtime.resource.loader.FileResourceLoader
2015-02-25 16:20:26,503 - Null reference [template 'form.tpl', line 44, column 94] : ${ctx} cannot be resolved.
2015-02-25 16:20:26,503 - Null reference [template 'form.tpl', line 44, column 116] : ${action} cannot be resolved.
2015-02-25 16:20:26,515 - ResourceManager : found view.tpl with loader org.apache.velocity.runtime.resource.loader.FileResourceLoader
2015-02-25 16:20:26,528 - ResourceManager : found list.tpl with loader org.apache.velocity.runtime.resource.loader.FileResourceLoader
2015-02-25 16:20:26,533 - Null reference [template 'list.tpl', line 44, column 50] : ${ctx} cannot be resolved.
2015-02-25 16:20:26,533 - Null reference [template 'list.tpl', line 45, column 50] : ${ctx} cannot be resolved.
2015-02-25 16:20:26,533 - Null reference [template 'list.tpl', line 46, column 50] : ${ctx} cannot be resolved.
2015-02-25 16:20:26,533 - Null reference [template 'list.tpl', line 47, column 48] : ${ctx} cannot be resolved.
2015-02-25 16:20:26,533 - Null reference [template 'list.tpl', line 48, column 56] : ${ctx} cannot be resolved.
2015-02-25 16:20:26,533 - Null reference [template 'list.tpl', line 56, column 34] : ${ctx} cannot be resolved.
2015-02-25 16:20:26,533 - Null reference [template 'list.tpl', line 59, column 78] : ${ctx} cannot be resolved.
2015-02-25 16:20:26,533 - Null reference [template 'list.tpl', line 62, column 77] : ${ctx} cannot be resolved.
2015-02-25 16:20:26,536 - ResourceManager : found properties_en.tpl with loader org.apache.velocity.runtime.resource.loader.FileResourceLoader
2015-02-25 16:20:26,538 - ResourceManager : found properties_zh.tpl with loader org.apache.velocity.runtime.resource.loader.FileResourceLoader
2015-02-25 16:42:16,944 - Log4JLogChute initialized using file 'velocity.log'
2015-02-25 16:42:16,944 - Initializing Velocity, Calling init()...
2015-02-25 16:42:16,944 - Starting Apache Velocity v1.7 (compiled: 2010-11-19 12:14:37)
2015-02-25 16:42:16,944 - Default Properties File: org\apache\velocity\runtime\defaults\velocity.properties
2015-02-25 16:42:16,945 - Trying to use logger class org.apache.velocity.runtime.log.AvalonLogChute
2015-02-25 16:42:16,945 - Target log system for org.apache.velocity.runtime.log.AvalonLogChute is not available (java.lang.NoClassDefFoundError: org/apache/log/format/Formatter).  Falling back to next log system...
2015-02-25 16:42:16,945 - Trying to use logger class org.apache.velocity.runtime.log.Log4JLogChute
2015-02-25 16:42:16,945 - Using logger class org.apache.velocity.runtime.log.Log4JLogChute
2015-02-25 16:42:16,950 - ResourceLoader instantiated: org.apache.velocity.runtime.resource.loader.FileResourceLoader
2015-02-25 16:42:16,955 - Do unicode file recognition:  false
2015-02-25 16:42:16,955 - FileResourceLoader : adding path 'template'
2015-02-25 16:42:16,969 - ResourceCache: initialized (class org.apache.velocity.runtime.resource.ResourceCacheImpl) with class java.util.Collections$SynchronizedMap cache map.
2015-02-25 16:42:16,970 - Loaded System Directive: org.apache.velocity.runtime.directive.Stop
2015-02-25 16:42:16,972 - Loaded System Directive: org.apache.velocity.runtime.directive.Define
2015-02-25 16:42:16,973 - Loaded System Directive: org.apache.velocity.runtime.directive.Break
2015-02-25 16:42:16,975 - Loaded System Directive: org.apache.velocity.runtime.directive.Evaluate
2015-02-25 16:42:16,976 - Loaded System Directive: org.apache.velocity.runtime.directive.Literal
2015-02-25 16:42:16,978 - Loaded System Directive: org.apache.velocity.runtime.directive.Macro
2015-02-25 16:42:16,980 - Loaded System Directive: org.apache.velocity.runtime.directive.Parse
2015-02-25 16:42:16,981 - Loaded System Directive: org.apache.velocity.runtime.directive.Include
2015-02-25 16:42:16,983 - Loaded System Directive: org.apache.velocity.runtime.directive.Foreach
2015-02-25 16:42:17,024 - Created '20' parsers.
2015-02-25 16:42:17,032 - Velocimacro : "velocimacro.library" is not set.  Trying default library: VM_global_library.vm
2015-02-25 16:42:17,032 - Velocimacro : Default library not found.
2015-02-25 16:42:17,033 - Velocimacro : allowInline = true : VMs can be defined inline in templates
2015-02-25 16:42:17,033 - Velocimacro : allowInlineToOverride = false : VMs defined inline may NOT replace previous VM definitions
2015-02-25 16:42:17,033 - Velocimacro : allowInlineLocal = false : VMs defined inline will be global in scope if allowed.
2015-02-25 16:42:17,033 - Velocimacro : autoload off : VM system will not automatically reload global library macros
2015-02-25 16:42:17,042 - ResourceManager : found DaoTemplate.tpl with loader org.apache.velocity.runtime.resource.loader.FileResourceLoader
2015-02-25 16:42:17,094 - ResourceManager : found ControllerTemplate.tpl with loader org.apache.velocity.runtime.resource.loader.FileResourceLoader
2015-02-25 16:42:17,096 - Null reference [template 'ControllerTemplate.tpl', line 37, column 4] : $Id cannot be resolved.
2015-02-25 16:42:17,101 - ResourceManager : found ServiceTemplate.tpl with loader org.apache.velocity.runtime.resource.loader.FileResourceLoader
2015-02-25 16:42:17,102 - Null reference [template 'ServiceTemplate.tpl', line 29, column 4] : $Id cannot be resolved.
2015-02-25 16:42:17,116 - ResourceManager : found form.tpl with loader org.apache.velocity.runtime.resource.loader.FileResourceLoader
2015-02-25 16:42:17,118 - Null reference [template 'form.tpl', line 44, column 94] : ${ctx} cannot be resolved.
2015-02-25 16:42:17,118 - Null reference [template 'form.tpl', line 44, column 116] : ${action} cannot be resolved.
2015-02-25 16:42:17,132 - ResourceManager : found view.tpl with loader org.apache.velocity.runtime.resource.loader.FileResourceLoader
2015-02-25 16:42:17,145 - ResourceManager : found list.tpl with loader org.apache.velocity.runtime.resource.loader.FileResourceLoader
2015-02-25 16:42:17,151 - Null reference [template 'list.tpl', line 44, column 50] : ${ctx} cannot be resolved.
2015-02-25 16:42:17,151 - Null reference [template 'list.tpl', line 45, column 50] : ${ctx} cannot be resolved.
2015-02-25 16:42:17,151 - Null reference [template 'list.tpl', line 46, column 50] : ${ctx} cannot be resolved.
2015-02-25 16:42:17,151 - Null reference [template 'list.tpl', line 47, column 48] : ${ctx} cannot be resolved.
2015-02-25 16:42:17,151 - Null reference [template 'list.tpl', line 48, column 56] : ${ctx} cannot be resolved.
2015-02-25 16:42:17,151 - Null reference [template 'list.tpl', line 56, column 34] : ${ctx} cannot be resolved.
2015-02-25 16:42:17,151 - Null reference [template 'list.tpl', line 59, column 78] : ${ctx} cannot be resolved.
2015-02-25 16:42:17,152 - Null reference [template 'list.tpl', line 62, column 77] : ${ctx} cannot be resolved.
2015-02-25 16:42:17,154 - ResourceManager : found properties_en.tpl with loader org.apache.velocity.runtime.resource.loader.FileResourceLoader
2015-02-25 16:42:17,156 - ResourceManager : found properties_zh.tpl with loader org.apache.velocity.runtime.resource.loader.FileResourceLoader
2015-02-25 16:46:50,412 - Log4JLogChute initialized using file 'velocity.log'
2015-02-25 16:46:50,412 - Initializing Velocity, Calling init()...
2015-02-25 16:46:50,413 - Starting Apache Velocity v1.7 (compiled: 2010-11-19 12:14:37)
2015-02-25 16:46:50,413 - Default Properties File: org\apache\velocity\runtime\defaults\velocity.properties
2015-02-25 16:46:50,413 - Trying to use logger class org.apache.velocity.runtime.log.AvalonLogChute
2015-02-25 16:46:50,413 - Target log system for org.apache.velocity.runtime.log.AvalonLogChute is not available (java.lang.NoClassDefFoundError: org/apache/log/format/Formatter).  Falling back to next log system...
2015-02-25 16:46:50,413 - Trying to use logger class org.apache.velocity.runtime.log.Log4JLogChute
2015-02-25 16:46:50,413 - Using logger class org.apache.velocity.runtime.log.Log4JLogChute
2015-02-25 16:46:50,418 - ResourceLoader instantiated: org.apache.velocity.runtime.resource.loader.FileResourceLoader
2015-02-25 16:46:50,423 - Do unicode file recognition:  false
2015-02-25 16:46:50,423 - FileResourceLoader : adding path 'template'
2015-02-25 16:46:50,435 - ResourceCache: initialized (class org.apache.velocity.runtime.resource.ResourceCacheImpl) with class java.util.Collections$SynchronizedMap cache map.
2015-02-25 16:46:50,436 - Loaded System Directive: org.apache.velocity.runtime.directive.Stop
2015-02-25 16:46:50,438 - Loaded System Directive: org.apache.velocity.runtime.directive.Define
2015-02-25 16:46:50,438 - Loaded System Directive: org.apache.velocity.runtime.directive.Break
2015-02-25 16:46:50,439 - Loaded System Directive: org.apache.velocity.runtime.directive.Evaluate
2015-02-25 16:46:50,440 - Loaded System Directive: org.apache.velocity.runtime.directive.Literal
2015-02-25 16:46:50,441 - Loaded System Directive: org.apache.velocity.runtime.directive.Macro
2015-02-25 16:46:50,443 - Loaded System Directive: org.apache.velocity.runtime.directive.Parse
2015-02-25 16:46:50,444 - Loaded System Directive: org.apache.velocity.runtime.directive.Include
2015-02-25 16:46:50,445 - Loaded System Directive: org.apache.velocity.runtime.directive.Foreach
2015-02-25 16:46:50,484 - Created '20' parsers.
2015-02-25 16:46:50,492 - Velocimacro : "velocimacro.library" is not set.  Trying default library: VM_global_library.vm
2015-02-25 16:46:50,492 - Velocimacro : Default library not found.
2015-02-25 16:46:50,492 - Velocimacro : allowInline = true : VMs can be defined inline in templates
2015-02-25 16:46:50,492 - Velocimacro : allowInlineToOverride = false : VMs defined inline may NOT replace previous VM definitions
2015-02-25 16:46:50,492 - Velocimacro : allowInlineLocal = false : VMs defined inline will be global in scope if allowed.
2015-02-25 16:46:50,492 - Velocimacro : autoload off : VM system will not automatically reload global library macros
2015-02-25 16:46:50,502 - ResourceManager : found DaoTemplate.tpl with loader org.apache.velocity.runtime.resource.loader.FileResourceLoader
2015-02-25 16:46:50,579 - ResourceManager : found ControllerTemplate.tpl with loader org.apache.velocity.runtime.resource.loader.FileResourceLoader
2015-02-25 16:46:50,582 - Null reference [template 'ControllerTemplate.tpl', line 37, column 4] : $Id cannot be resolved.
2015-02-25 16:46:50,588 - ResourceManager : found ServiceTemplate.tpl with loader org.apache.velocity.runtime.resource.loader.FileResourceLoader
2015-02-25 16:46:50,589 - Null reference [template 'ServiceTemplate.tpl', line 29, column 4] : $Id cannot be resolved.
2015-02-25 16:46:50,601 - ResourceManager : found form.tpl with loader org.apache.velocity.runtime.resource.loader.FileResourceLoader
2015-02-25 16:46:50,603 - Null reference [template 'form.tpl', line 44, column 94] : ${ctx} cannot be resolved.
2015-02-25 16:46:50,603 - Null reference [template 'form.tpl', line 44, column 116] : ${action} cannot be resolved.
2015-02-25 16:46:50,615 - ResourceManager : found view.tpl with loader org.apache.velocity.runtime.resource.loader.FileResourceLoader
2015-02-25 16:46:50,627 - ResourceManager : found list.tpl with loader org.apache.velocity.runtime.resource.loader.FileResourceLoader
2015-02-25 16:46:50,632 - Null reference [template 'list.tpl', line 44, column 50] : ${ctx} cannot be resolved.
2015-02-25 16:46:50,632 - Null reference [template 'list.tpl', line 45, column 50] : ${ctx} cannot be resolved.
2015-02-25 16:46:50,632 - Null reference [template 'list.tpl', line 46, column 50] : ${ctx} cannot be resolved.
2015-02-25 16:46:50,632 - Null reference [template 'list.tpl', line 47, column 48] : ${ctx} cannot be resolved.
2015-02-25 16:46:50,632 - Null reference [template 'list.tpl', line 48, column 56] : ${ctx} cannot be resolved.
2015-02-25 16:46:50,632 - Null reference [template 'list.tpl', line 56, column 34] : ${ctx} cannot be resolved.
2015-02-25 16:46:50,632 - Null reference [template 'list.tpl', line 59, column 78] : ${ctx} cannot be resolved.
2015-02-25 16:46:50,632 - Null reference [template 'list.tpl', line 62, column 77] : ${ctx} cannot be resolved.
2015-02-25 16:46:50,634 - ResourceManager : found properties_en.tpl with loader org.apache.velocity.runtime.resource.loader.FileResourceLoader
2015-02-25 16:46:50,636 - ResourceManager : found properties_zh.tpl with loader org.apache.velocity.runtime.resource.loader.FileResourceLoader
